c:\users\play\desktop\p\cg_project\cg 2019-2020\cg 2019-2020\x64\release\vc142.pdb
c:\users\play\desktop\p\cg_project\cg 2019-2020\cg 2019-2020\x64\release\object.obj
c:\users\play\desktop\p\cg_project\cg 2019-2020\cg 2019-2020\x64\release\tools.obj
c:\users\play\desktop\p\cg_project\cg 2019-2020\cg 2019-2020\x64\release\texturemanager.obj
c:\users\play\desktop\p\cg_project\cg 2019-2020\cg 2019-2020\x64\release\spotlightnode.obj
c:\users\play\desktop\p\cg_project\cg 2019-2020\cg 2019-2020\x64\release\pirate.obj
c:\users\play\desktop\p\cg_project\cg 2019-2020\cg 2019-2020\x64\release\shaderprogram.obj
c:\users\play\desktop\p\cg_project\cg 2019-2020\cg 2019-2020\x64\release\renderer.obj
c:\users\play\desktop\p\cg_project\cg 2019-2020\cg 2019-2020\x64\release\particlesystem.obj
c:\users\play\desktop\p\cg_project\cg 2019-2020\cg 2019-2020\x64\release\objloader.obj
c:\users\play\desktop\p\cg_project\cg 2019-2020\cg 2019-2020\x64\release\main.obj
c:\users\play\desktop\p\cg_project\cg 2019-2020\cg 2019-2020\x64\release\geometrynode.obj
c:\users\play\desktop\p\cg_project\cg 2019-2020\cg 2019-2020\x64\release\geometricmesh.obj
c:\users\play\desktop\p\cg_project\cg 2019-2020\x64\release\cg 2019-2020.pdb
c:\users\play\desktop\p\cg_project\cg 2019-2020\cg 2019-2020\x64\release\cg 2019-2020.tlog\cl.command.1.tlog
c:\users\play\desktop\p\cg_project\cg 2019-2020\cg 2019-2020\x64\release\cg 2019-2020.tlog\cl.read.1.tlog
c:\users\play\desktop\p\cg_project\cg 2019-2020\cg 2019-2020\x64\release\cg 2019-2020.tlog\cl.write.1.tlog
c:\users\play\desktop\p\cg_project\cg 2019-2020\cg 2019-2020\x64\release\cg 2019-2020.tlog\link.command.1.tlog
c:\users\play\desktop\p\cg_project\cg 2019-2020\cg 2019-2020\x64\release\cg 2019-2020.tlog\link.read.1.tlog
c:\users\play\desktop\p\cg_project\cg 2019-2020\cg 2019-2020\x64\release\cg 2019-2020.tlog\link.write.1.tlog
